<?xml version="1.0" encoding="UTF-8"?>
<testng-results ignored="0" total="5" passed="4" failed="1" skipped="0">
  <reporter-output>
    <line>
      <![CDATA[ChromeDriver: chrome on windows (deae38435184c036a9e3220b386a0d4b)is instantiated]]>
    </line>
    <line>
      <![CDATA[Item added to Cart successfully]]>
    </line>
    <line>
      <![CDATA[Item is removed from cart successfully]]>
    </line>
    <line>
      <![CDATA[Tear down successful]]>
    </line>
    <line>
      <![CDATA[ChromeDriver: chrome on windows (8dfdbfc029a673705b4d3713de84568a)is instantiated]]>
    </line>
    <line>
      <![CDATA[Multiple Items are added to cart successfully]]>
    </line>
    <line>
      <![CDATA[All items are removed successfully]]>
    </line>
    <line>
      <![CDATA[Tear down successful]]>
    </line>
    <line>
      <![CDATA[ChromeDriver: chrome on windows (ce04d6e3c61a05be778b40f84f3b54d1)is instantiated]]>
    </line>
    <line>
      <![CDATA[Tear down successful]]>
    </line>
  </reporter-output>
  <suite started-at="2024-07-06T16:14:33 IST" name="Suite" finished-at="2024-07-06T16:16:13 IST" duration-ms="99364">
    <groups>
    </groups>
    <test started-at="2024-07-06T16:14:33 IST" name="Add and Remove Item in ebay" finished-at="2024-07-06T16:15:02 IST" duration-ms="28843">
      <class name="tests.RemoveItemfromCart">
        <test-method is-config="true" signature="setUpdata()[pri:0, instance:tests.RemoveItemfromCart@6200f9cb]" started-at="2024-07-06T16:14:33 IST" name="setUpdata" finished-at="2024-07-06T16:14:40 IST" duration-ms="6669" status="PASS">
          <reporter-output>
            <line>
              <![CDATA[ChromeDriver: chrome on windows (deae38435184c036a9e3220b386a0d4b)is instantiated]]>
            </line>
          </reporter-output>
        </test-method> <!-- setUpdata -->
        <test-method signature="addItemToCart()[pri:1, instance:tests.RemoveItemfromCart@6200f9cb]" started-at="2024-07-06T16:14:40 IST" name="addItemToCart" finished-at="2024-07-06T16:14:57 IST" duration-ms="17508" status="PASS">
          <reporter-output>
            <line>
              <![CDATA[Item added to Cart successfully]]>
            </line>
          </reporter-output>
        </test-method> <!-- addItemToCart -->
        <test-method signature="removeItemFromCart()[pri:2, instance:tests.RemoveItemfromCart@6200f9cb]" started-at="2024-07-06T16:14:57 IST" name="removeItemFromCart" finished-at="2024-07-06T16:15:02 IST" duration-ms="4320" status="PASS">
          <reporter-output>
            <line>
              <![CDATA[Item is removed from cart successfully]]>
            </line>
          </reporter-output>
        </test-method> <!-- removeItemFromCart -->
        <test-method is-config="true" signature="tearDown()[pri:0, instance:tests.RemoveItemfromCart@6200f9cb]" started-at="2024-07-06T16:15:02 IST" name="tearDown" finished-at="2024-07-06T16:15:02 IST" duration-ms="220" status="PASS">
          <reporter-output>
            <line>
              <![CDATA[Tear down successful]]>
            </line>
          </reporter-output>
        </test-method> <!-- tearDown -->
      </class> <!-- tests.RemoveItemfromCart -->
    </test> <!-- Add and Remove Item in ebay -->
    <test started-at="2024-07-06T16:15:02 IST" name="Add and Remove multiple Items in ebay" finished-at="2024-07-06T16:15:44 IST" duration-ms="41786">
      <class name="tests.RemoveMulItemfromCart">
        <test-method is-config="true" signature="setUpdata()[pri:0, instance:tests.RemoveMulItemfromCart@2638011]" started-at="2024-07-06T16:15:02 IST" name="setUpdata" finished-at="2024-07-06T16:15:05 IST" duration-ms="3107" status="PASS">
          <reporter-output>
            <line>
              <![CDATA[ChromeDriver: chrome on windows (8dfdbfc029a673705b4d3713de84568a)is instantiated]]>
            </line>
          </reporter-output>
        </test-method> <!-- setUpdata -->
        <test-method signature="addMultiItemToCart()[pri:1, instance:tests.RemoveMulItemfromCart@2638011]" started-at="2024-07-06T16:15:05 IST" name="addMultiItemToCart" finished-at="2024-07-06T16:15:33 IST" duration-ms="27584" status="PASS">
          <reporter-output>
            <line>
              <![CDATA[Multiple Items are added to cart successfully]]>
            </line>
          </reporter-output>
        </test-method> <!-- addMultiItemToCart -->
        <test-method signature="removeMultiItemFromCart()[pri:2, instance:tests.RemoveMulItemfromCart@2638011]" started-at="2024-07-06T16:15:33 IST" name="removeMultiItemFromCart" finished-at="2024-07-06T16:15:44 IST" duration-ms="10855" status="PASS">
          <reporter-output>
            <line>
              <![CDATA[All items are removed successfully]]>
            </line>
          </reporter-output>
        </test-method> <!-- removeMultiItemFromCart -->
        <test-method is-config="true" signature="tearDown()[pri:0, instance:tests.RemoveMulItemfromCart@2638011]" started-at="2024-07-06T16:15:44 IST" name="tearDown" finished-at="2024-07-06T16:15:44 IST" duration-ms="211" status="PASS">
          <reporter-output>
            <line>
              <![CDATA[Tear down successful]]>
            </line>
          </reporter-output>
        </test-method> <!-- tearDown -->
      </class> <!-- tests.RemoveMulItemfromCart -->
    </test> <!-- Add and Remove multiple Items in ebay -->
    <test started-at="2024-07-06T16:15:44 IST" name="Search item and add to cart and verify the item name and price" finished-at="2024-07-06T16:16:13 IST" duration-ms="28687">
      <class name="tests.SearchProduct">
        <test-method is-config="true" signature="setUpdata()[pri:0, instance:tests.SearchProduct@2f465398]" started-at="2024-07-06T16:15:44 IST" name="setUpdata" finished-at="2024-07-06T16:15:48 IST" duration-ms="3788" status="PASS">
          <reporter-output>
            <line>
              <![CDATA[ChromeDriver: chrome on windows (ce04d6e3c61a05be778b40f84f3b54d1)is instantiated]]>
            </line>
          </reporter-output>
        </test-method> <!-- setUpdata -->
        <test-method signature="search()[pri:0, instance:tests.SearchProduct@2f465398]" started-at="2024-07-06T16:15:48 IST" name="search" finished-at="2024-07-06T16:16:12 IST" duration-ms="24761" status="FAIL">
          <exception class="java.lang.AssertionError">
            <message>
              <![CDATA[expected [US $285.03] but found [US $285.03/ea]]]>
            </message>
            <full-stacktrace>
              <![CDATA[java.lang.AssertionError: expected [US $285.03] but found [US $285.03/ea]
at org.testng.Assert.fail(Assert.java:111)
at org.testng.Assert.failNotEquals(Assert.java:1578)
at org.testng.Assert.assertEqualsImpl(Assert.java:150)
at org.testng.Assert.assertEquals(Assert.java:132)
at org.testng.Assert.assertEquals(Assert.java:656)
at org.testng.Assert.assertEquals(Assert.java:666)
at tests.SearchProduct.search(SearchProduct.java:83)
at java.base/jdk.internal.reflect.DirectMethodHandleAccessor.invoke(DirectMethodHandleAccessor.java:103)
at java.base/java.lang.reflect.Method.invoke(Method.java:580)
at org.testng.internal.invokers.MethodInvocationHelper.invokeMethod(MethodInvocationHelper.java:141)
at org.testng.internal.invokers.TestInvoker.invokeMethod(TestInvoker.java:686)
at org.testng.internal.invokers.TestInvoker.invokeTestMethod(TestInvoker.java:230)
at org.testng.internal.invokers.MethodRunner.runInSequence(MethodRunner.java:63)
at org.testng.internal.invokers.TestInvoker$MethodInvocationAgent.invoke(TestInvoker.java:992)
at org.testng.internal.invokers.TestInvoker.invokeTestMethods(TestInvoker.java:203)
at org.testng.internal.invokers.TestMethodWorker.invokeTestMethods(TestMethodWorker.java:154)
at org.testng.internal.invokers.TestMethodWorker.run(TestMethodWorker.java:134)
at java.base/java.util.ArrayList.forEach(ArrayList.java:1597)
at org.testng.TestRunner.privateRun(TestRunner.java:739)
at org.testng.TestRunner.run(TestRunner.java:614)
at org.testng.SuiteRunner.runTest(SuiteRunner.java:421)
at org.testng.SuiteRunner.runSequentially(SuiteRunner.java:413)
at org.testng.SuiteRunner.privateRun(SuiteRunner.java:373)
at org.testng.SuiteRunner.run(SuiteRunner.java:312)
at org.testng.SuiteRunnerWorker.runSuite(SuiteRunnerWorker.java:52)
at org.testng.SuiteRunnerWorker.run(SuiteRunnerWorker.java:95)
at org.testng.TestNG.runSuitesSequentially(TestNG.java:1274)
at org.testng.TestNG.runSuitesLocally(TestNG.java:1208)
at org.testng.TestNG.runSuites(TestNG.java:1112)
at org.testng.TestNG.run(TestNG.java:1079)
at org.testng.remote.AbstractRemoteTestNG.run(AbstractRemoteTestNG.java:115)
at org.testng.remote.RemoteTestNG.initAndRun(RemoteTestNG.java:293)
at org.testng.remote.RemoteTestNG.main(RemoteTestNG.java:91)
]]>
            </full-stacktrace>
          </exception> <!-- java.lang.AssertionError -->
          <reporter-output>
          </reporter-output>
        </test-method> <!-- search -->
        <test-method is-config="true" signature="tearDown()[pri:0, instance:tests.SearchProduct@2f465398]" started-at="2024-07-06T16:16:12 IST" name="tearDown" finished-at="2024-07-06T16:16:13 IST" duration-ms="128" status="PASS">
          <reporter-output>
            <line>
              <![CDATA[Tear down successful]]>
            </line>
          </reporter-output>
        </test-method> <!-- tearDown -->
      </class> <!-- tests.SearchProduct -->
    </test> <!-- Search item and add to cart and verify the item name and price -->
  </suite> <!-- Suite -->
</testng-results>
